#
# There is insufficient memory for the Java Runtime Environment to continue.
# Native memory allocation (malloc) failed to allocate 379696 bytes for Chunk::new
# Possible reasons:
#   The system is out of physical RAM or swap space
#   In 32 bit mode, the process size limit was hit
# Possible solutions:
#   Reduce memory load on the system
#   Increase physical memory or swap space
#   Check if swap backing store is full
#   Use 64 bit Java on a 64 bit OS
#   Decrease Java heap size (-Xmx/-Xms)
#   Decrease number of Java threads
#   Decrease Java thread stack sizes (-Xss)
#   Set larger code cache with -XX:ReservedCodeCacheSize=
# This output file may be truncated or incomplete.
#
#  Out of Memory Error (allocation.cpp:390), pid=19388, tid=0x0000000000003d40
#
# JRE version: Java(TM) SE Runtime Environment (8.0_181-b13) (build 1.8.0_181-b13)
# Java VM: Java HotSpot(TM) 64-Bit Server VM (25.181-b13 mixed mode windows-amd64 compressed oops)
# Failed to write core dump. Minidumps are not enabled by default on client versions of Windows
#

---------------  T H R E A D  ---------------

Current thread (0x000000001de8d800):  JavaThread "C2 CompilerThread1" daemon [_thread_in_native, id=15680, stack(0x000000001f770000,0x000000001f870000)]

Stack: [0x000000001f770000,0x000000001f870000]
[error occurred during error reporting (printing stack bounds), id 0xc0000005]

Native frames: (J=compiled Java code, j=interpreted, Vv=VM code, C=native code)


Current CompileTask:
C2:  29902 8936       4       java.io.FilterOutputStream::write (51 bytes)


---------------  P R O C E S S  ---------------

Java Threads: ( => current thread )
  0x0000000029978000 JavaThread "Exec process Thread 3" [_thread_in_native, id=3652, stack(0x000000002d6e0000,0x000000002d7e0000)]
  0x0000000029977800 JavaThread "Exec process Thread 2" [_thread_in_native, id=3088, stack(0x000000002d5e0000,0x000000002d6e0000)]
  0x0000000029976000 JavaThread "Exec process" [_thread_in_native, id=18860, stack(0x000000002d4e0000,0x000000002d5e0000)]
  0x0000000029973800 JavaThread "Cache worker for Java compile cache (E:\java\ModMaking\magickCore\.gradle\4.10.3\javaCompile)" [_thread_blocked, id=1896, stack(0x000000002b810000,0x000000002b910000)]
  0x0000000029974800 JavaThread "Cache worker for Java compile cache (C:\Users\RogoShum\.gradle\caches\4.10.3\javaCompile)" [_thread_blocked, id=3244, stack(0x000000002b710000,0x000000002b810000)]
  0x0000000029979000 JavaThread "Cache worker for Build Output Cleanup Cache (E:\java\ModMaking\magickCore\.gradle\buildOutputCleanup)" [_thread_blocked, id=18660, stack(0x000000002b610000,0x000000002b710000)]
  0x0000000029970800 JavaThread "Cache worker for task history cache (E:\java\ModMaking\magickCore\.gradle\4.10.3\taskHistory)" [_thread_blocked, id=19228, stack(0x000000002b510000,0x000000002b610000)]
  0x0000000029971800 JavaThread "Task worker for ':' Thread 11" [_thread_blocked, id=8680, stack(0x000000002b410000,0x000000002b510000)]
  0x0000000029970000 JavaThread "Task worker for ':' Thread 10" [_thread_blocked, id=4812, stack(0x000000002b310000,0x000000002b410000)]
  0x0000000029975000 JavaThread "Task worker for ':' Thread 9" [_thread_blocked, id=7332, stack(0x000000002b210000,0x000000002b310000)]
  0x0000000029976800 JavaThread "Task worker for ':' Thread 8" [_thread_blocked, id=4808, stack(0x000000002b110000,0x000000002b210000)]
  0x0000000020f84000 JavaThread "Task worker for ':' Thread 7" [_thread_blocked, id=10864, stack(0x000000002b010000,0x000000002b110000)]
  0x0000000025a60800 JavaThread "Task worker for ':' Thread 6" [_thread_blocked, id=13772, stack(0x000000002af10000,0x000000002b010000)]
  0x0000000025a5f800 JavaThread "Task worker for ':' Thread 5" [_thread_blocked, id=14408, stack(0x000000002ae10000,0x000000002af10000)]
  0x0000000025a5f000 JavaThread "Task worker for ':' Thread 4" [_thread_blocked, id=15140, stack(0x000000002ad10000,0x000000002ae10000)]
  0x0000000025a5c800 JavaThread "Task worker for ':' Thread 3" [_thread_blocked, id=18092, stack(0x000000002ac10000,0x000000002ad10000)]
  0x0000000025a5e000 JavaThread "Task worker for ':' Thread 2" [_thread_blocked, id=7076, stack(0x000000002a470000,0x000000002a570000)]
  0x0000000025a5d800 JavaThread "Task worker for ':'" [_thread_blocked, id=11668, stack(0x0000000029350000,0x0000000029450000)]
  0x0000000025a5c000 JavaThread "Cache worker for file content cache (E:\java\ModMaking\magickCore\.gradle\4.10.3\fileContent)" [_thread_blocked, id=8656, stack(0x0000000029050000,0x0000000029150000)]
  0x0000000025a54800 JavaThread "Cache worker for file content cache (C:\Users\RogoShum\.gradle\caches\4.10.3\fileContent)" [_thread_blocked, id=2652, stack(0x0000000028f50000,0x0000000029050000)]
  0x0000000025a5b000 JavaThread "Memory manager" [_thread_blocked, id=15636, stack(0x0000000028e50000,0x0000000028f50000)]
  0x0000000025a53800 JavaThread "Build operations Thread 12" [_thread_blocked, id=17396, stack(0x0000000028620000,0x0000000028720000)]
  0x0000000025a5a800 JavaThread "Build operations Thread 11" [_thread_blocked, id=16936, stack(0x0000000028520000,0x0000000028620000)]
  0x0000000025a51000 JavaThread "Build operations Thread 10" [_thread_blocked, id=19044, stack(0x0000000028420000,0x0000000028520000)]
  0x0000000025a52000 JavaThread "Build operations Thread 9" [_thread_blocked, id=8560, stack(0x0000000028220000,0x0000000028320000)]
  0x0000000025a56800 JavaThread "Build operations Thread 8" [_thread_blocked, id=10884, stack(0x0000000028120000,0x0000000028220000)]
  0x0000000025a53000 JavaThread "Build operations Thread 7" [_thread_blocked, id=12088, stack(0x0000000028020000,0x0000000028120000)]
  0x0000000025a57800 JavaThread "Build operations Thread 6" [_thread_blocked, id=1736, stack(0x0000000027f20000,0x0000000028020000)]
  0x0000000025a58000 JavaThread "Build operations Thread 5" [_thread_blocked, id=17392, stack(0x0000000027e20000,0x0000000027f20000)]
  0x0000000025a55000 JavaThread "Build operations Thread 4" [_thread_blocked, id=18784, stack(0x0000000027d20000,0x0000000027e20000)]
  0x0000000025a56000 JavaThread "Build operations Thread 3" [_thread_blocked, id=16084, stack(0x0000000027750000,0x0000000027850000)]
  0x0000000020f87000 JavaThread "Build operations Thread 2" [_thread_blocked, id=8972, stack(0x0000000027440000,0x0000000027540000)]
  0x0000000020f83000 JavaThread "Build operations" [_thread_blocked, id=10840, stack(0x0000000026e80000,0x0000000026f80000)]
  0x0000000020f82800 JavaThread "Cache worker for Artifact transforms cache (C:\Users\RogoShum\.gradle\caches\transforms-1)" [_thread_blocked, id=9460, stack(0x0000000026d80000,0x0000000026e80000)]
  0x0000000020f85800 JavaThread "Cache worker for cache directory md-rule (C:\Users\RogoShum\.gradle\caches\4.10.3\md-rule)" [_thread_blocked, id=10644, stack(0x0000000026c80000,0x0000000026d80000)]
  0x0000000020f81800 JavaThread "Cache worker for cache directory md-supplier (C:\Users\RogoShum\.gradle\caches\4.10.3\md-supplier)" [_thread_blocked, id=14800, stack(0x0000000026880000,0x0000000026980000)]
  0x0000000020f84800 JavaThread "Cache worker for journal cache (C:\Users\RogoShum\.gradle\caches\journal-1)" [_thread_blocked, id=12760, stack(0x0000000026980000,0x0000000026a80000)]
  0x0000000020f86000 JavaThread "Cache worker for file hash cache (E:\java\ModMaking\magickCore\.gradle\4.10.3\fileHashes)" [_thread_blocked, id=18412, stack(0x00000000244b0000,0x00000000245b0000)]
  0x0000000020f88800 JavaThread "File lock request listener" [_thread_in_native, id=2972, stack(0x00000000245e0000,0x00000000246e0000)]
  0x0000000020f87800 JavaThread "Cache worker for file hash cache (C:\Users\RogoShum\.gradle\caches\4.10.3\fileHashes)" [_thread_blocked, id=7328, stack(0x00000000243b0000,0x00000000244b0000)]
  0x0000000020f76800 JavaThread "Stdin handler" [_thread_blocked, id=1144, stack(0x0000000022110000,0x0000000022210000)]
  0x0000000020fa4800 JavaThread "Asynchronous log dispatcher for DefaultDaemonConnection: socket connection from /127.0.0.1:3164 to /127.0.0.1:3165" [_thread_blocked, id=9800, stack(0x0000000022010000,0x0000000022110000)]
  0x0000000020f7a000 JavaThread "Daemon worker" [_thread_blocked, id=5272, stack(0x0000000021f10000,0x0000000022010000)]
  0x0000000020f78800 JavaThread "Cancel handler" [_thread_blocked, id=8772, stack(0x0000000021e10000,0x0000000021f10000)]
  0x0000000020f41800 JavaThread "Handler for socket connection from /127.0.0.1:3164 to /127.0.0.1:3165" [_thread_in_native, id=10076, stack(0x0000000021b10000,0x0000000021c10000)]
  0x0000000020f3d800 JavaThread "Daemon" [_thread_blocked, id=12800, stack(0x0000000021a10000,0x0000000021b10000)]
  0x0000000020f22800 JavaThread "Daemon periodic checks" [_thread_blocked, id=18632, stack(0x0000000021910000,0x0000000021a10000)]
  0x0000000021055800 JavaThread "Incoming local TCP Connector on port 3164" [_thread_in_native, id=11504, stack(0x0000000021760000,0x0000000021860000)]
  0x0000000020c96000 JavaThread "Daemon health stats" [_thread_blocked, id=15476, stack(0x0000000021440000,0x0000000021540000)]
  0x000000001df34000 JavaThread "Service Thread" daemon [_thread_blocked, id=15416, stack(0x000000001fa70000,0x000000001fb70000)]
  0x000000001de9f800 JavaThread "C1 CompilerThread3" daemon [_thread_blocked, id=7788, stack(0x000000001f970000,0x000000001fa70000)]
  0x000000001de8e800 JavaThread "C2 CompilerThread2" daemon [_thread_blocked, id=10168, stack(0x000000001f870000,0x000000001f970000)]
=>0x000000001de8d800 JavaThread "C2 CompilerThread1" daemon [_thread_in_native, id=15680, stack(0x000000001f770000,0x000000001f870000)]
  0x000000001de9a800 JavaThread "C2 CompilerThread0" daemon [_thread_blocked, id=5268, stack(0x000000001f670000,0x000000001f770000)]
  0x000000001de82800 JavaThread "JDWP Command Reader" daemon [_thread_in_native, id=2116, stack(0x000000001f570000,0x000000001f670000)]
  0x000000001de7b800 JavaThread "JDWP Event Helper Thread" daemon [_thread_blocked, id=7952, stack(0x000000001f470000,0x000000001f570000)]
  0x000000001de77800 JavaThread "JDWP Transport Listener: dt_socket" daemon [_thread_blocked, id=16920, stack(0x000000001f370000,0x000000001f470000)]
  0x000000001de07000 JavaThread "Attach Listener" daemon [_thread_blocked, id=18704, stack(0x000000001f270000,0x000000001f370000)]
  0x000000001de6a800 JavaThread "Signal Dispatcher" daemon [_thread_blocked, id=15280, stack(0x000000001f170000,0x000000001f270000)]
  0x000000001ddf3000 JavaThread "Finalizer" daemon [_thread_blocked, id=16404, stack(0x000000001f060000,0x000000001f160000)]
  0x000000001c71d000 JavaThread "Reference Handler" daemon [_thread_blocked, id=11760, stack(0x000000001ef60000,0x000000001f060000)]
  0x0000000002902800 JavaThread "main" [_thread_blocked, id=6408, stack(0x0000000002800000,0x0000000002900000)]

Other Threads:
  0x000000001c716800 VMThread [stack: 0x000000001ee60000,0x000000001ef60000] [id=15084]
  0x000000001de8f000 WatcherThread [stack: 0x000000001fb70000,0x000000001fc70000] [id=19368]

VM state:not at safepoint (normal execution)

VM Mutex/Monitor currently owned by a thread: None

Heap:
 PSYoungGen      total 404480K, used 238909K [0x000000076ab00000, 0x0000000787600000, 0x00000007c0000000)
  eden space 358912K, 54% used [0x000000076ab00000,0x0000000776991d08,0x0000000780980000)
  from space 45568K, 96% used [0x0000000783b80000,0x000000078663d7a8,0x0000000786800000)
  to   space 51200K, 0% used [0x0000000780980000,0x0000000780980000,0x0000000783b80000)
 ParOldGen       total 320000K, used 85678K [0x00000006c0000000, 0x00000006d3880000, 0x000000076ab00000)
  object space 320000K, 26% used [0x00000006c0000000,0x00000006c53abac8,0x00000006d3880000)
 Metaspace       used 61993K, capacity 63204K, committed 63488K, reserved 1103872K
  class space    used 8468K, capacity 8837K, committed 8960K, reserved 1048576K

Card table byte_map: [0x0000000011dc0000,0x00000000125d0000] byte_map_base: 0x000000000e7c0000

Marking Bits: (ParMarkBitMap*) 0x000000006fcd2d00
 Begin Bits: [0x0000000013530000, 0x0000000017530000)
 End Bits:   [0x0000000017530000, 0x000000001b530000)

Polling page: 0x0000000000740000

CodeCache: size=245760Kb used=30312Kb max_used=30328Kb free=215447Kb
 bounds [0x0000000002a00000, 0x00000000047d0000, 0x0000000011a00000]
 total_blobs=8610 nmethods=7798 adapters=732
 compilation: enabled

Compilation events (10 events):
Event: 28.272 Thread 0x000000001de8d800 nmethod 8932 0x00000000047a7dd0 code [0x00000000047a7f60, 0x00000000047a83d8]
Event: 28.273 Thread 0x000000001de8e800 nmethod 8930 0x00000000047bb410 code [0x00000000047bb5c0, 0x00000000047bbd38]
Event: 28.273 Thread 0x000000001de9a800 nmethod 8931 0x00000000047b5310 code [0x00000000047b54c0, 0x00000000047b5c18]
Event: 29.605 Thread 0x000000001de8d800 8933 %     4       org.gradle.internal.logging.text.AbstractLineChoppingStyledTextOutput::doAppend @ 10 (43 bytes)
Event: 29.623 Thread 0x000000001de8d800 nmethod 8933% 0x00000000047bc910 code [0x00000000047bcb40, 0x00000000047bdb68]
Event: 29.623 Thread 0x000000001de8e800 8934       4       org.gradle.internal.logging.text.AbstractLineChoppingStyledTextOutput::doAppend (43 bytes)
Event: 29.643 Thread 0x000000001de8e800 nmethod 8934 0x00000000047bf350 code [0x00000000047bf580, 0x00000000047c0868]
Event: 29.861 Thread 0x000000001de9a800 8935       4       org.gradle.internal.io.LinePerThreadBufferingOutputStream::getStream (44 bytes)
Event: 29.869 Thread 0x000000001de8d800 8936       4       java.io.FilterOutputStream::write (51 bytes)
Event: 29.881 Thread 0x000000001de9a800 nmethod 8935 0x00000000047c20d0 code [0x00000000047c2300, 0x00000000047c37a0]

GC Heap History (10 events):
Event: 7.698 GC heap before
{Heap before GC invocations=13 (full 2):
 PSYoungGen      total 254464K, used 225040K [0x000000076ab00000, 0x000000077cd00000, 0x00000007c0000000)
  eden space 229376K, 87% used [0x000000076ab00000,0x0000000776ee0e10,0x0000000778b00000)
  from space 25088K, 97% used [0x000000077a680000,0x000000077be632b0,0x000000077bf00000)
  to   space 28160K, 0% used [0x0000000778b00000,0x0000000778b00000,0x000000077a680000)
 ParOldGen       total 177664K, used 38390K [0x00000006c0000000, 0x00000006cad80000, 0x000000076ab00000)
  object space 177664K, 21% used [0x00000006c0000000,0x00000006c257d9f8,0x00000006cad80000)
 Metaspace       used 57888K, capacity 58944K, committed 59136K, reserved 1099776K
  class space    used 8005K, capacity 8330K, committed 8448K, reserved 1048576K
Event: 7.738 GC heap after
Heap after GC invocations=13 (full 2):
 PSYoungGen      total 257536K, used 28150K [0x000000076ab00000, 0x0000000783a00000, 0x00000007c0000000)
  eden space 229376K, 0% used [0x000000076ab00000,0x000000076ab00000,0x0000000778b00000)
  from space 28160K, 99% used [0x0000000778b00000,0x000000077a67da90,0x000000077a680000)
  to   space 47616K, 0% used [0x0000000780b80000,0x0000000780b80000,0x0000000783a00000)
 ParOldGen       total 177664K, used 81879K [0x00000006c0000000, 0x00000006cad80000, 0x000000076ab00000)
  object space 177664K, 46% used [0x00000006c0000000,0x00000006c4ff5da0,0x00000006cad80000)
 Metaspace       used 57888K, capacity 58944K, committed 59136K, reserved 1099776K
  class space    used 8005K, capacity 8330K, committed 8448K, reserved 1048576K
}
Event: 7.738 GC heap before
{Heap before GC invocations=14 (full 3):
 PSYoungGen      total 257536K, used 28150K [0x000000076ab00000, 0x0000000783a00000, 0x00000007c0000000)
  eden space 229376K, 0% used [0x000000076ab00000,0x000000076ab00000,0x0000000778b00000)
  from space 28160K, 99% used [0x0000000778b00000,0x000000077a67da90,0x000000077a680000)
  to   space 47616K, 0% used [0x0000000780b80000,0x0000000780b80000,0x0000000783a00000)
 ParOldGen       total 177664K, used 81879K [0x00000006c0000000, 0x00000006cad80000, 0x000000076ab00000)
  object space 177664K, 46% used [0x00000006c0000000,0x00000006c4ff5da0,0x00000006cad80000)
 Metaspace       used 57888K, capacity 58944K, committed 59136K, reserved 1099776K
  class space    used 8005K, capacity 8330K, committed 8448K, reserved 1048576K
Event: 7.918 GC heap after
Heap after GC invocations=14 (full 3):
 PSYoungGen      total 257536K, used 0K [0x000000076ab00000, 0x0000000783a00000, 0x00000007c0000000)
  eden space 229376K, 0% used [0x000000076ab00000,0x000000076ab00000,0x0000000778b00000)
  from space 28160K, 0% used [0x0000000778b00000,0x0000000778b00000,0x000000077a680000)
  to   space 47616K, 0% used [0x0000000780b80000,0x0000000780b80000,0x0000000783a00000)
 ParOldGen       total 320000K, used 85662K [0x00000006c0000000, 0x00000006d3880000, 0x000000076ab00000)
  object space 320000K, 26% used [0x00000006c0000000,0x00000006c53a7ab0,0x00000006d3880000)
 Metaspace       used 57888K, capacity 58944K, committed 59136K, reserved 1099776K
  class space    used 8005K, capacity 8330K, committed 8448K, reserved 1048576K
}
Event: 9.364 GC heap before
{Heap before GC invocations=15 (full 3):
 PSYoungGen      total 257536K, used 229376K [0x000000076ab00000, 0x0000000783a00000, 0x00000007c0000000)
  eden space 229376K, 100% used [0x000000076ab00000,0x0000000778b00000,0x0000000778b00000)
  from space 28160K, 0% used [0x0000000778b00000,0x0000000778b00000,0x000000077a680000)
  to   space 47616K, 0% used [0x0000000780b80000,0x0000000780b80000,0x0000000783a00000)
 ParOldGen       total 320000K, used 85662K [0x00000006c0000000, 0x00000006d3880000, 0x000000076ab00000)
  object space 320000K, 26% used [0x00000006c0000000,0x00000006c53a7ab0,0x00000006d3880000)
 Metaspace       used 61654K, capacity 62838K, committed 63104K, reserved 1103872K
  class space    used 8437K, capacity 8761K, committed 8832K, reserved 1048576K
Event: 9.375 GC heap after
Heap after GC invocations=15 (full 3):
 PSYoungGen      total 311808K, used 21463K [0x000000076ab00000, 0x0000000782080000, 0x00000007c0000000)
  eden space 290304K, 0% used [0x000000076ab00000,0x000000076ab00000,0x000000077c680000)
  from space 21504K, 99% used [0x0000000780b80000,0x0000000782075c20,0x0000000782080000)
  to   space 45568K, 0% used [0x000000077c780000,0x000000077c780000,0x000000077f400000)
 ParOldGen       total 320000K, used 85678K [0x00000006c0000000, 0x00000006d3880000, 0x000000076ab00000)
  object space 320000K, 26% used [0x00000006c0000000,0x00000006c53abac8,0x00000006d3880000)
 Metaspace       used 61654K, capacity 62838K, committed 63104K, reserved 1103872K
  class space    used 8437K, capacity 8761K, committed 8832K, reserved 1048576K
}
Event: 10.167 GC heap before
{Heap before GC invocations=16 (full 3):
 PSYoungGen      total 311808K, used 308186K [0x000000076ab00000, 0x0000000782080000, 0x00000007c0000000)
  eden space 290304K, 98% used [0x000000076ab00000,0x000000077c300c10,0x000000077c680000)
  from space 21504K, 99% used [0x0000000780b80000,0x0000000782075c20,0x0000000782080000)
  to   space 45568K, 0% used [0x000000077c780000,0x000000077c780000,0x000000077f400000)
 ParOldGen       total 320000K, used 85678K [0x00000006c0000000, 0x00000006d3880000, 0x000000076ab00000)
  object space 320000K, 26% used [0x00000006c0000000,0x00000006c53abac8,0x00000006d3880000)
 Metaspace       used 61667K, capacity 62838K, committed 63104K, reserved 1103872K
  class space    used 8437K, capacity 8761K, committed 8832K, reserved 1048576K
Event: 10.178 GC heap after
Heap after GC invocations=16 (full 3):
 PSYoungGen      total 336896K, used 26180K [0x000000076ab00000, 0x0000000786800000, 0x00000007c0000000)
  eden space 291328K, 0% used [0x000000076ab00000,0x000000076ab00000,0x000000077c780000)
  from space 45568K, 57% used [0x000000077c780000,0x000000077e111308,0x000000077f400000)
  to   space 45568K, 0% used [0x0000000783b80000,0x0000000783b80000,0x0000000786800000)
 ParOldGen       total 320000K, used 85678K [0x00000006c0000000, 0x00000006d3880000, 0x000000076ab00000)
  object space 320000K, 26% used [0x00000006c0000000,0x00000006c53abac8,0x00000006d3880000)
 Metaspace       used 61667K, capacity 62838K, committed 63104K, reserved 1103872K
  class space    used 8437K, capacity 8761K, committed 8832K, reserved 1048576K
}
Event: 10.682 GC heap before
{Heap before GC invocations=17 (full 3):
 PSYoungGen      total 336896K, used 316585K [0x000000076ab00000, 0x0000000786800000, 0x00000007c0000000)
  eden space 291328K, 99% used [0x000000076ab00000,0x000000077c6992e8,0x000000077c780000)
  from space 45568K, 57% used [0x000000077c780000,0x000000077e111308,0x000000077f400000)
  to   space 45568K, 0% used [0x0000000783b80000,0x0000000783b80000,0x0000000786800000)
 ParOldGen       total 320000K, used 85678K [0x00000006c0000000, 0x00000006d3880000, 0x000000076ab00000)
  object space 320000K, 26% used [0x00000006c0000000,0x00000006c53abac8,0x00000006d3880000)
 Metaspace       used 61667K, capacity 62838K, committed 63104K, reserved 1103872K
  class space    used 8437K, capacity 8761K, committed 8832K, reserved 1048576K
Event: 10.692 GC heap after
Heap after GC invocations=17 (full 3):
 PSYoungGen      total 404480K, used 43765K [0x000000076ab00000, 0x0000000787600000, 0x00000007c0000000)
  eden space 358912K, 0% used [0x000000076ab00000,0x000000076ab00000,0x0000000780980000)
  from space 45568K, 96% used [0x0000000783b80000,0x000000078663d7a8,0x0000000786800000)
  to   space 51200K, 0% used [0x0000000780980000,0x0000000780980000,0x0000000783b80000)
 ParOldGen       total 320000K, used 85678K [0x00000006c0000000, 0x00000006d3880000, 0x000000076ab00000)
  object space 320000K, 26% used [0x00000006c0000000,0x00000006c53abac8,0x00000006d3880000)
 Metaspace       used 61667K, capacity 62838K, committed 63104K, reserved 1103872K
  class space    used 8437K, capacity 8761K, committed 8832K, reserved 1048576K
}

Deoptimization events (10 events):
Event: 11.188 Thread 0x0000000020f22800 Uncommon trap: reason=class_check action=maybe_recompile pc=0x000000000330f8e4 method=org.gradle.internal.serialize.AbstractDecoder.readBytes([B)V @ 5
Event: 11.188 Thread 0x0000000020f22800 Uncommon trap: reason=class_check action=maybe_recompile pc=0x000000000330f8e4 method=org.gradle.internal.serialize.AbstractDecoder.readBytes([B)V @ 5
Event: 11.189 Thread 0x0000000020f22800 Uncommon trap: reason=speculate_class_check action=maybe_recompile pc=0x000000000461d340 method=java.util.AbstractList.listIterator()Ljava/util/ListIterator; @ 2
Event: 21.183 Thread 0x0000000020f22800 Uncommon trap: reason=speculate_class_check action=maybe_recompile pc=0x000000000461d340 method=java.util.AbstractList.listIterator()Ljava/util/ListIterator; @ 2
Event: 25.258 Thread 0x0000000029978000 Uncommon trap: reason=unstable_if action=reinterpret pc=0x0000000002e3c80c method=org.gradle.internal.logging.text.AbstractLineChoppingStyledTextOutput$2.execute(Lorg/gradle/internal/logging/text/AbstractLineChoppingStyledTextOutput$StateContext;)V @ 30
Event: 25.258 Thread 0x0000000029978000 Uncommon trap: reason=unstable_if action=reinterpret pc=0x0000000002e004d8 method=org.gradle.internal.logging.text.AbstractLineChoppingStyledTextOutput$2.execute(Lorg/gradle/internal/logging/text/AbstractLineChoppingStyledTextOutput$StateContext;)V @ 30
Event: 25.258 Thread 0x0000000029978000 Uncommon trap: reason=unstable_if action=reinterpret pc=0x0000000002dfc870 method=org.gradle.internal.logging.text.AbstractLineChoppingStyledTextOutput$2.execute(Lorg/gradle/internal/logging/text/AbstractLineChoppingStyledTextOutput$StateContext;)V @ 30
Event: 29.861 Thread 0x0000000029977800 Uncommon trap: reason=predicate action=maybe_recompile pc=0x0000000004736fd4 method=java.io.FilterOutputStream.write([BII)V @ 34
Event: 29.861 Thread 0x0000000029977800 Uncommon trap: reason=null_check action=make_not_entrant pc=0x00000000046fc824 method=org.gradle.internal.io.LinePerThreadBufferingOutputStream.getStream()Ljava/io/PrintStream; @ 7
Event: 29.861 Thread 0x0000000029977800 Uncommon trap: reason=unstable_if action=reinterpret pc=0x0000000004774b04 method=org.gradle.internal.logging.sink.OutputEventRenderer$3.onOutput(Lorg/gradle/internal/logging/events/OutputEvent;)V @ 37

Classes redefined (0 events):
No events

Internal exceptions (10 events):
Event: 8.012 Thread 0x0000000020f84000 Exception <a 'java/lang/NoClassDefFoundError': org/fusesource/jansi/Ansi> (0x000000076b3e9210) thrown at [C:\re\workspace\8-2-build-windows-amd64-cygwin\jdk8u181\11358\hotspot\src\share\vm\classfile\systemDictionary.cpp, line 199]
Event: 8.069 Thread 0x0000000020f84000 Implicit null exception at 0x0000000003d32793 to 0x0000000003d332f1
Event: 9.092 Thread 0x0000000020f84000 Exception <a 'java/lang/NoSuchMethodError': <clinit>> (0x0000000772423100) thrown at [C:\re\workspace\8-2-build-windows-amd64-cygwin\jdk8u181\11358\hotspot\src\share\vm\prims\jni.cpp, line 1613]
Event: 9.093 Thread 0x0000000020f84000 Exception <a 'java/lang/NoSuchMethodError': <clinit>> (0x000000077243d8d8) thrown at [C:\re\workspace\8-2-build-windows-amd64-cygwin\jdk8u181\11358\hotspot\src\share\vm\prims\jni.cpp, line 1613]
Event: 9.093 Thread 0x0000000020f84000 Exception <a 'java/lang/NoSuchMethodError': <clinit>> (0x000000077243f188) thrown at [C:\re\workspace\8-2-build-windows-amd64-cygwin\jdk8u181\11358\hotspot\src\share\vm\prims\jni.cpp, line 1613]
Event: 9.093 Thread 0x0000000020f84000 Exception <a 'java/lang/NoSuchMethodError': <clinit>> (0x00000007724408a0) thrown at [C:\re\workspace\8-2-build-windows-amd64-cygwin\jdk8u181\11358\hotspot\src\share\vm\prims\jni.cpp, line 1613]
Event: 11.017 Thread 0x0000000020f84000 Exception <a 'java/lang/ClassNotFoundException': org/gradle/api/internal/file/UnionFileCollectionBeanInfo> (0x00000007741b9430) thrown at [C:\re\workspace\8-2-build-windows-amd64-cygwin\jdk8u181\11358\hotspot\src\share\vm\classfile\systemDictionary.cpp, l
Event: 11.017 Thread 0x0000000020f84000 Exception <a 'java/lang/ClassNotFoundException': org/gradle/api/internal/file/UnionFileCollectionCustomizer> (0x00000007741cd000) thrown at [C:\re\workspace\8-2-build-windows-amd64-cygwin\jdk8u181\11358\hotspot\src\share\vm\classfile\systemDictionary.cpp,
Event: 11.035 Thread 0x0000000020f84000 Exception <a 'java/lang/ClassNotFoundException': com/intellij/openapi/externalSystem/rt/execution/ForkedDebuggerHelperBeanInfo> (0x000000077431c7a0) thrown at [C:\re\workspace\8-2-build-windows-amd64-cygwin\jdk8u181\11358\hotspot\src\share\vm\classfile\sy
Event: 11.036 Thread 0x0000000020f84000 Exception <a 'java/lang/ClassNotFoundException': com/intellij/openapi/externalSystem/rt/execution/ForkedDebuggerHelperCustomizer> (0x0000000774322a88) thrown at [C:\re\workspace\8-2-build-windows-amd64-cygwin\jdk8u181\11358\hotspot\src\share\vm\classfile\

Events (10 events):
Event: 29.642 Thread 0x0000000029978000 DEOPT UNPACKING pc=0x0000000002a47490 sp=0x000000002d7de8d8 mode 0
Event: 29.861 Thread 0x0000000029977800 Uncommon trap: trap_request=0xffffff86 fr.pc=0x0000000004736fd4
Event: 29.861 Thread 0x0000000029977800 DEOPT PACKING pc=0x0000000004736fd4 sp=0x000000002d6dee00
Event: 29.861 Thread 0x0000000029977800 DEOPT UNPACKING pc=0x0000000002a4583b sp=0x000000002d6dedd8 mode 2
Event: 29.861 Thread 0x0000000029977800 Uncommon trap: trap_request=0xfffffff4 fr.pc=0x00000000046fc824
Event: 29.861 Thread 0x0000000029977800 DEOPT PACKING pc=0x00000000046fc824 sp=0x000000002d6ded20
Event: 29.861 Thread 0x0000000029977800 DEOPT UNPACKING pc=0x0000000002a4583b sp=0x000000002d6ded18 mode 2
Event: 29.861 Thread 0x0000000029977800 Uncommon trap: trap_request=0xffffff65 fr.pc=0x0000000004774b04
Event: 29.861 Thread 0x0000000029977800 DEOPT PACKING pc=0x0000000004774b04 sp=0x000000002d6de990
Event: 29.861 Thread 0x0000000029977800 DEOPT UNPACKING pc=0x0000000002a4583b sp=0x000000002d6de900 mode 2


Dynamic libraries:
0x00007ff602cb0000 - 0x00007ff602ce7000 	E:\Program Files\Java\jdk1.8.0_181\bin\java.exe
0x00007fffdb290000 - 0x00007fffdb485000 	C:\WINDOWS\SYSTEM32\ntdll.dll
0x00007fffdb190000 - 0x00007fffdb24d000 	C:\WINDOWS\System32\KERNEL32.DLL
0x00007fffd89d0000 - 0x00007fffd8c98000 	C:\WINDOWS\System32\KERNELBASE.dll
0x00007fffd9fb0000 - 0x00007fffda05c000 	C:\WINDOWS\System32\ADVAPI32.dll
0x00007fffd9670000 - 0x00007fffd970e000 	C:\WINDOWS\System32\msvcrt.dll
0x00007fffda0f0000 - 0x00007fffda18b000 	C:\WINDOWS\System32\sechost.dll
0x00007fffda1a0000 - 0x00007fffda2cb000 	C:\WINDOWS\System32\RPCRT4.dll
0x00007fffd93b0000 - 0x00007fffd9550000 	C:\WINDOWS\System32\USER32.dll
0x00007fffd92d0000 - 0x00007fffd92f2000 	C:\WINDOWS\System32\win32u.dll
0x00007fffdb090000 - 0x00007fffdb0ba000 	C:\WINDOWS\System32\GDI32.dll
0x00007fffd8f90000 - 0x00007fffd909b000 	C:\WINDOWS\System32\gdi32full.dll
0x00007fffd90a0000 - 0x00007fffd913d000 	C:\WINDOWS\System32\msvcp_win.dll
0x00007fffd8d50000 - 0x00007fffd8e50000 	C:\WINDOWS\System32\ucrtbase.dll
0x00007fffbd910000 - 0x00007fffbdbaa000 	C:\WINDOWS\WinSxS\amd64_microsoft.windows.common-controls_6595b64144ccf1df_6.0.19041.1052_none_60b8f8fd71f5e8cb\COMCTL32.dll
0x00007fffda060000 - 0x00007fffda090000 	C:\WINDOWS\System32\IMM32.DLL
0x0000000071160000 - 0x0000000071232000 	E:\Program Files\Java\jdk1.8.0_181\jre\bin\msvcr100.dll
0x000000006f4b0000 - 0x000000006fd52000 	E:\Program Files\Java\jdk1.8.0_181\jre\bin\server\jvm.dll
0x00007fffd9550000 - 0x00007fffd9558000 	C:\WINDOWS\System32\PSAPI.DLL
0x00007fffcc7e0000 - 0x00007fffcc807000 	C:\WINDOWS\SYSTEM32\WINMM.dll
0x00007fffcd790000 - 0x00007fffcd799000 	C:\WINDOWS\SYSTEM32\WSOCK32.dll
0x00007fffd1c80000 - 0x00007fffd1c8a000 	C:\WINDOWS\SYSTEM32\VERSION.dll
0x00007fffdb0c0000 - 0x00007fffdb12b000 	C:\WINDOWS\System32\WS2_32.dll
0x0000000071150000 - 0x000000007115f000 	E:\Program Files\Java\jdk1.8.0_181\jre\bin\verify.dll
0x0000000071120000 - 0x0000000071149000 	E:\Program Files\Java\jdk1.8.0_181\jre\bin\java.dll
0x0000000071080000 - 0x00000000710b5000 	E:\Program Files\Java\jdk1.8.0_181\jre\bin\jdwp.dll
0x0000000071070000 - 0x0000000071078000 	E:\Program Files\Java\jdk1.8.0_181\jre\bin\npt.dll
0x0000000071100000 - 0x0000000071116000 	E:\Program Files\Java\jdk1.8.0_181\jre\bin\zip.dll
0x00007fffd9870000 - 0x00007fffd9faf000 	C:\WINDOWS\System32\SHELL32.dll
0x00007fffd6b20000 - 0x00007fffd72b0000 	C:\WINDOWS\SYSTEM32\windows.storage.dll
0x00007fffda640000 - 0x00007fffda995000 	C:\WINDOWS\System32\combase.dll
0x00007fffd8440000 - 0x00007fffd846c000 	C:\WINDOWS\SYSTEM32\Wldp.dll
0x00007fffd9300000 - 0x00007fffd93ae000 	C:\WINDOWS\System32\SHCORE.dll
0x00007fffda090000 - 0x00007fffda0e5000 	C:\WINDOWS\System32\shlwapi.dll
0x00007fffd8910000 - 0x00007fffd892f000 	C:\WINDOWS\SYSTEM32\profapi.dll
0x0000000071060000 - 0x0000000071069000 	E:\Program Files\Java\jdk1.8.0_181\jre\bin\dt_socket.dll
0x00007fffd81b0000 - 0x00007fffd821a000 	C:\WINDOWS\system32\mswsock.dll
0x00000000710e0000 - 0x00000000710fa000 	E:\Program Files\Java\jdk1.8.0_181\jre\bin\net.dll
0x00000000710c0000 - 0x00000000710d1000 	E:\Program Files\Java\jdk1.8.0_181\jre\bin\nio.dll
0x00007fffd55f0000 - 0x00007fffd560e000 	C:\Users\RogoShum\.gradle\native\25\windows-amd64\native-platform.dll
0x0000000071050000 - 0x000000007105d000 	E:\Program Files\Java\jdk1.8.0_181\jre\bin\management.dll
0x00007fffd8380000 - 0x00007fffd8398000 	C:\WINDOWS\SYSTEM32\CRYPTSP.dll
0x00007fffd7ae0000 - 0x00007fffd7b14000 	C:\WINDOWS\system32\rsaenh.dll
0x00007fffd92a0000 - 0x00007fffd92c7000 	C:\WINDOWS\System32\bcrypt.dll
0x00007fffd88d0000 - 0x00007fffd88fe000 	C:\WINDOWS\SYSTEM32\USERENV.dll
0x00007fffd8e50000 - 0x00007fffd8ed3000 	C:\WINDOWS\System32\bcryptprimitives.dll
0x00007fffd83a0000 - 0x00007fffd83ac000 	C:\WINDOWS\SYSTEM32\CRYPTBASE.dll
0x00007fffd7e50000 - 0x00007fffd7e8b000 	C:\WINDOWS\SYSTEM32\IPHLPAPI.DLL
0x00007fffda510000 - 0x00007fffda518000 	C:\WINDOWS\System32\NSI.dll
0x00007fffd2620000 - 0x00007fffd2637000 	C:\WINDOWS\SYSTEM32\dhcpcsvc6.DLL
0x00007fffd2600000 - 0x00007fffd261d000 	C:\WINDOWS\SYSTEM32\dhcpcsvc.DLL
0x00007fffd7ea0000 - 0x00007fffd7f6c000 	C:\WINDOWS\SYSTEM32\DNSAPI.dll
0x0000000071020000 - 0x0000000071044000 	E:\Program Files\Java\jdk1.8.0_181\jre\bin\sunec.dll
0x0000000071010000 - 0x000000007101b000 	E:\Program Files\Java\jdk1.8.0_181\jre\bin\sunmscapi.dll
0x00007fffd9140000 - 0x00007fffd929f000 	C:\WINDOWS\System32\CRYPT32.dll
0x00007fffd1c90000 - 0x00007fffd1c9a000 	C:\Windows\System32\rasadhlp.dll
0x00007fffcc9f0000 - 0x00007fffcca6f000 	C:\WINDOWS\System32\fwpuclnt.dll
0x00007fffc8ba0000 - 0x00007fffc8bb7000 	C:\WINDOWS\system32\napinsp.dll
0x00007fffc8940000 - 0x00007fffc895b000 	C:\WINDOWS\system32\pnrpnsp.dll
0x00007fffd3630000 - 0x00007fffd3645000 	C:\WINDOWS\system32\wshbth.dll
0x00007fffd5460000 - 0x00007fffd547d000 	C:\WINDOWS\system32\NLAapi.dll
0x00007fffc8890000 - 0x00007fffc88a2000 	C:\WINDOWS\System32\winrnr.dll

VM Arguments:
jvm_args: -agentlib:jdwp=transport=dt_socket,server=n,suspend=y,address=3158 -Xmx4G -Dfile.encoding=GBK -Duser.country=CN -Duser.language=zh -Duser.variant 
java_command: org.gradle.launcher.daemon.bootstrap.GradleDaemon 4.10.3
java_class_path (initial): C:\Users\RogoShum\.gradle\wrapper\dists\gradle-4.10.3-bin\31t79e2qsceia4mkbojplrgx\gradle-4.10.3\lib\gradle-launcher-4.10.3.jar
Launcher Type: SUN_STANDARD

Environment Variables:
JAVA_HOME=D:\Program Files\Java\jdk1.8.0_181
CLASSPATH=.;D:\Program Files\Java\jdk1.8.0_181\lib\dt.jar;D:\Program Files\Java\jdk1.8.0_181\lib\tools.jar;
PATH=C:\Program Files (x86)\Common Files\Oracle\Java\javapath;C:\WINDOWS\system32;C:\WINDOWS;C:\WINDOWS\System32\Wbem;C:\WINDOWS\System32\WindowsPowerShell\v1.0\;C:\WINDOWS\System32\OpenSSH\;C:\Program Files\NVIDIA Corporation\NVIDIA NvDLISR;C:\Program Files (x86)\NVIDIA Corporation\PhysX\Common;D:\Program Files\Java\jdk1.8.0_181\bin;D:\Program Files\Java\jdk1.8.0_181\jre\bin;;C:\WINDOWS\system32;C:\WINDOWS;C:\WINDOWS\System32\Wbem;C:\WINDOWS\System32\WindowsPowerShell\v1.0\;C:\WINDOWS\System32\OpenSSH\;C:\Users\RogoShum\AppData\Local\Microsoft\WindowsApps;D:\Program Files\Java\jdk1.8.0_281\bin;D:\Program Files\Java\jdk1.8.0_281\jre\bin;;e:\Users\RogoShum\AppData\Local\Programs\Fiddler;%USERPROFILE%\AppData\Local\Microsoft\WindowsApps
USERNAME=RogoShum
OS=Windows_NT
PROCESSOR_IDENTIFIER=AMD64 Family 23 Model 113 Stepping 0, AuthenticAMD



---------------  S Y S T E M  ---------------

OS: Windows 10.0 , 64 bit Build 19041 (10.0.19041.1023)

CPU:total 12 (initial active 12) (12 cores per cpu, 1 threads per core) family 23 model 113 stepping 0, cmov, cx8, fxsr, mmx, sse, sse2, sse3, ssse3, sse4.1, sse4.2, popcnt, avx, avx2, aes, clmul, mmxext, 3dnowpref, lzcnt, sse4a, tsc, tscinvbit, tscinv, bmi1

Memory: 4k page, physical 16670908k(2752232k free), swap 29737876k(5344k free)

vm_info: Java HotSpot(TM) 64-Bit Server VM (25.181-b13) for windows-amd64 JRE (1.8.0_181-b13), built on Jul  7 2018 04:01:33 by "java_re" with MS VC++ 10.0 (VS2010)

time: Sat Jun 19 16:09:22 2021
elapsed time: 29 seconds (0d 0h 0m 29s)

